C51 COMPILER V9.60.0.0   FLASH_EEPROM                                                      04/08/2021 23:27:43 PAGE 1   


C51 COMPILER V9.60.0.0, COMPILATION OF MODULE FLASH_EEPROM
OBJECT MODULE PLACED IN .\Output\FLASH_EEPROM.obj
COMPILER INVOKED BY: C:\Keil_v5\C51\BIN\C51.EXE Code\FLASH_EEPROM.c OPTIMIZE(8,SPEED) BROWSE INCDIR(..\1.LibNuvoton\Incl
                    -ude) DEFINE(FOSC_160000) DEBUG OBJECTEXTEND PRINT(.\LST\FLASH_EEPROM.lst) OBJECT(.\Output\FLASH_EEPROM.obj)

line level    source

   1          /****************************************************************************************************/          
   2          #include "FLASH_EEPROM.h"
   3          void write_DATAFLASH_BYTE(UINT16 u16_addr,UINT8 u8_data)
   4          {
   5   1              UINT8 looptmp=0,u8_addrl_r;
   6   1              unsigned char code *cd_longaddr;
   7   1              unsigned char xdata *xd_tmp;
   8   1              
   9   1      //Check page start address
  10   1              u8_addrl_r = u16_addr;
  11   1              if (u8_addrl_r<0x80)
  12   1              {
  13   2                      u8_addrl_r = 0;
  14   2              }
  15   1              else 
  16   1              {
  17   2                      u8_addrl_r = 0x80;
  18   2              }
  19   1      //Save APROM data to XRAM
  20   1              xd_tmp = 0x80;
  21   1              cd_longaddr = (u16_addr&0xff00)+u8_addrl_r;     
  22   1              while (xd_tmp !=0x100)
  23   1              {
  24   2                      *xd_tmp = *cd_longaddr;
  25   2                      looptmp++;
  26   2                      xd_tmp++;
  27   2                      cd_longaddr++;
  28   2              }
  29   1      // Modify customer data in XRAM
  30   1              u8_addrl_r = u16_addr;
  31   1              if (u8_addrl_r<0x80)
  32   1              {
  33   2                      xd_tmp = u8_addrl_r+0x80;
  34   2              }
  35   1              else
  36   1              {
  37   2                      xd_tmp = u8_addrl_r+0;
  38   2              }
  39   1              *xd_tmp = u8_data;
  40   1      //Erase APROM DATAFLASH page
  41   1                      IAPAL = u16_addr;
  42   1                      IAPAH = u16_addr>>8;
  43   1                      IAPFD = 0xFF;
  44   1                set_IAPEN; 
  45   1                      set_APUEN;
  46   1          IAPCN = 0x22;               
  47   1                      set_IAPGO; 
  48   1      //Save changed RAM data to APROM DATAFLASH
  49   1              u8_addrl_r = u16_addr;
  50   1              if (u8_addrl_r<0x80)
  51   1              {
  52   2                      u8_addrl_r =0;
  53   2              }
  54   1              else
C51 COMPILER V9.60.0.0   FLASH_EEPROM                                                      04/08/2021 23:27:43 PAGE 2   

  55   1              {
  56   2                      u8_addrl_r = 0x80;
  57   2              }
  58   1                      xd_tmp = 0x80;
  59   1                IAPAL = u8_addrl_r;
  60   1          IAPAH = u16_addr>>8;
  61   1                      set_IAPEN; 
  62   1                      set_APUEN;
  63   1                IAPCN = 0x21;
  64   1                      while (xd_tmp !=0xFF)
  65   1                      {
  66   2                              IAPFD = *xd_tmp;
  67   2                              set_IAPGO;
  68   2                              IAPAL++;
  69   2                              xd_tmp++;
  70   2                      }
  71   1                      clr_APUEN;
  72   1                      clr_IAPEN;
  73   1      }       
  74                  
  75          //-------------------------------------------------------------------------
  76          UINT8 read_APROM_BYTE(UINT16 code *u16_addr)
  77          {
  78   1              UINT8 rdata;
  79   1              rdata = *u16_addr>>8;
  80   1              return rdata;
  81   1      }


MODULE INFORMATION:   STATIC OVERLAYABLE
   CODE SIZE        =    341    ----
   CONSTANT SIZE    =   ----    ----
   XDATA SIZE       =   ----    ----
   PDATA SIZE       =   ----    ----
   DATA SIZE        =   ----       6
   IDATA SIZE       =   ----    ----
   BIT SIZE         =   ----    ----
END OF MODULE INFORMATION.


C51 COMPILATION COMPLETE.  0 WARNING(S),  0 ERROR(S)
